[3;J[H[2J[3;J[H[2Jchecking for updates... 
Could not check updates. Forbidden
...resuming in 5 seconds
Starting www.bigbrotherbot.net (b3) v1.5.0 [posix] [Daniel]

Using config file: /home/b3/conf/b3.xml
Using external plugin directory: /root/b3/BigBrotherBot-big-brother-bot-7abe8be/b3/extplugins
Activating log   : /root/b3/BigBrotherBot-big-brother-bot-7abe8be/b3/conf/b3.log
Connecting to DB : OK
Using Gamelog    : /root/cod4/Mods/pml220/games_mp_main.log
Testing RCON     : OK
Loading Events   : 32 events loaded
Loading Plugins  : .... (4)
Starting Plugins : .... (4)
Startup Complete : B3 is running! Let's get to work!

(If you run into problems, check /root/b3/BigBrotherBot-big-brother-bot-7abe8be/b3/conf/b3.log in the B3 root directory for detailed log info)
[3;J[H[2J[3;J[H[2Jchecking for updates... 
Could not check updates. Forbidden
...resuming in 5 seconds
Starting www.bigbrotherbot.net (b3) v1.5.0 [posix] [Daniel]

Using config file: /home/b3/conf/b3.xml
Using external plugin directory: /root/b3/BigBrotherBot-big-brother-bot-7abe8be/b3/extplugins
Activating log   : /root/b3/BigBrotherBot-big-brother-bot-7abe8be/b3/conf/b3.log
Connecting to DB : OK
Using Gamelog    : /root/cod4/Mods/pml220/games_mp_main.log
Testing RCON     : OK
Loading Events   : 32 events loaded
Loading Plugins  : .... (4)
Starting Plugins : .... (4)
Startup Complete : B3 is running! Let's get to work!

(If you run into problems, check /root/b3/BigBrotherBot-big-brother-bot-7abe8be/b3/conf/b3.log in the B3 root directory for detailed log info)
[3;J[H[2J[3;J[H[2Jchecking for updates... 
Could not check updates. Forbidden
...resuming in 5 seconds
Starting www.bigbrotherbot.net (b3) v1.5.0 [posix] [Daniel]

Using config file: /home/b3/conf/b3.xml
Using external plugin directory: /root/b3/BigBrotherBot-big-brother-bot-7abe8be/b3/extplugins
Activating log   : /root/b3/BigBrotherBot-big-brother-bot-7abe8be/b3/conf/b3.log
Connecting to DB : OK
Using Gamelog    : /root/cod4/Mods/pml220/games_mp_main.log
Testing RCON     : OK
Loading Events   : 32 events loaded
Loading Plugins  : .... (4)
Starting Plugins : .... (4)
Startup Complete : B3 is running! Let's get to work!

(If you run into problems, check /root/b3/BigBrotherBot-big-brother-bot-7abe8be/b3/conf/b3.log in the B3 root directory for detailed log info)
[3;J[H[2J[3;J[H[2Jchecking for updates... 
Could not check updates. Forbidden
...resuming in 5 seconds
Starting www.bigbrotherbot.net (b3) v1.5.0 [posix] [Daniel]

Using config file: /home/b3/conf/b3.xml
Using external plugin directory: /root/b3/BigBrotherBot-big-brother-bot-7abe8be/b3/extplugins
Activating log   : /root/b3/BigBrotherBot-big-brother-bot-7abe8be/b3/conf/b3.log
Connecting to DB : OK
Using Gamelog    : /root/cod4/Mods/pml220/games_mp_scrim.log
Testing RCON     : OK
Loading Events   : 32 events loaded
Loading Plugins  : .... (4)
Starting Plugins : .... (4)
Startup Complete : B3 is running! Let's get to work!

(If you run into problems, check /root/b3/BigBrotherBot-big-brother-bot-7abe8be/b3/conf/b3.log in the B3 root directory for detailed log info)
Unhandled exception in thread started by 
sys.excepthook is missing
lost sys.stderr
[3;J[H[2J[3;J[H[2Jchecking for updates... 
Could not check updates. Forbidden
...resuming in 5 seconds
Starting www.bigbrotherbot.net (b3) v1.5.0 [posix] [Daniel]

Using config file: /home/b3/conf/b3.xml
Using external plugin directory: /root/b3/BigBrotherBot-big-brother-bot-7abe8be/b3/extplugins
Activating log   : /root/b3/BigBrotherBot-big-brother-bot-7abe8be/b3/conf/b3.log
Connecting to DB : OK
Using Gamelog    : /root/cod4/Mods/pml220/games_mp_scrim.log
Testing RCON     : OK
Loading Events   : 32 events loaded
Loading Plugins  : .... (4)
Starting Plugins : .... (4)
Startup Complete : B3 is running! Let's get to work!

(If you run into problems, check /root/b3/BigBrotherBot-big-brother-bot-7abe8be/b3/conf/b3.log in the B3 root directory for detailed log info)
[3;J[H[2J[3;J[H[2Jchecking for updates... 
Could not check updates. Forbidden
...resuming in 5 seconds
Starting www.bigbrotherbot.net (b3) v1.5.0 [posix] [Daniel]

Using config file: /home/b3/conf/b3.xml
Using external plugin directory: /root/b3/BigBrotherBot-big-brother-bot-7abe8be/b3/extplugins
Activating log   : /root/b3/BigBrotherBot-big-brother-bot-7abe8be/b3/conf/b3.log
Connecting to DB : OK
Using Gamelog    : /root/cod4/Mods/pml220/games_mp_scrim.log
Testing RCON     : OK
Loading Events   : 32 events loaded
Loading Plugins  : .... (4)
Starting Plugins : .... (4)
Startup Complete : B3 is running! Let's get to work!

(If you run into problems, check /root/b3/BigBrotherBot-big-brother-bot-7abe8be/b3/conf/b3.log in the B3 root directory for detailed log info)
[3;J[H[2J[3;J[H[2Jchecking for updates... 
Could not check updates. Forbidden
...resuming in 5 seconds
Starting www.bigbrotherbot.net (b3) v1.5.0 [posix] [Daniel]

Using config file: /home/b3/conf/b3.xml
Using external plugin directory: /root/b3/BigBrotherBot-big-brother-bot-7abe8be/b3/extplugins
Activating log   : /root/b3/BigBrotherBot-big-brother-bot-7abe8be/b3/conf/b3.log
Connecting to DB : OK
Using Gamelog    : /root/cod4/Mods/pml220/games_mp_scrim.log
Testing RCON     : OK
Loading Events   : 32 events loaded
Loading Plugins  : .... (4)
Starting Plugins : .... (4)
Startup Complete : B3 is running! Let's get to work!

(If you run into problems, check /root/b3/BigBrotherBot-big-brother-bot-7abe8be/b3/conf/b3.log in the B3 root directory for detailed log info)
